{"level":"info","message":"Connected to database","service":"user-service"}
{"level":"info","message":"Example app listening on port 5000","service":"user-service"}
{"level":"info","message":"Connected to database","service":"user-service"}
{"level":"info","message":"Example app listening on port 5000","service":"user-service"}
{"level":"info","message":"Connected to database","service":"user-service"}
{"level":"info","message":"Example app listening on port 5000","service":"user-service"}
{"level":"info","message":"Connected to database","service":"user-service"}
{"level":"info","message":"Example app listening on port 5000","service":"user-service"}
{"level":"info","message":"Connected to database","service":"user-service"}
{"level":"info","message":"Example app listening on port 5000","service":"user-service"}
2023-10-31T05:33:36.504Z [right meow!] info: Connected to database
2023-10-31T05:33:36.511Z [right meow!] info: Example app listening on port 5000
2023-10-31T05:34:21.710Z [University Management Backend] info: Connected to database
2023-10-31T05:34:21.718Z [University Management Backend] info: Example app listening on port 5000
Tue Oct 31 2023 11:35:29 [University Management Backend] info: Connected to database
Tue Oct 31 2023 11:35:29 [University Management Backend] info: Example app listening on port 5000
Tue Oct 31 2023 11:35:58 [University Management Backend] info: Connected to database
Tue Oct 31 2023 11:35:58 [University Management Backend] info: Example app listening on port 5000
{
  message: 'Connected to database',
  level: 'info',
  service: 'user-service',
  label: 'University Management Backend',
  timestamp: '2023-10-31T05:36:37.084Z'
}
{
  message: 'Example app listening on port 5000',
  level: 'info',
  service: 'user-service',
  label: 'University Management Backend',
  timestamp: '2023-10-31T05:36:37.096Z'
}
